<?xml version="1.0" encoding="UTF-8"?>
<!-- Generated by org.testng.reporters.JUnitReportReporter -->
<testsuite hostname="bhagyashree" failures="0" tests="1" name="tests.DemoTest2" time="26.555" errors="0" timestamp="2024-01-22T12:15:20 IST" skipped="0">
  <testcase classname="tests.DemoTest2" name="demoTest2" time="26.555"/>
  <system-out/>
</testsuite> <!-- tests.DemoTest2 -->
