<?xml version="1.0" encoding="UTF-8"?>
<!-- Generated by org.testng.reporters.JUnitReportReporter -->
<testsuite hostname="bhagyashree" failures="0" tests="1" name="finalfeatures.FinalRunner" time="19.004" errors="0" timestamp="2024-01-22T12:56:36 IST" skipped="0">
  <testcase classname="finalfeatures.FinalRunner" name="runScenario" time="19.004"/>
</testsuite> <!-- finalfeatures.FinalRunner -->
